<?xml version="1.0" encoding="UTF-8"?>
<!-- Generated by org.testng.reporters.JUnitReportReporter -->
<testsuite hostname="Ram-TN80661" name="com.tavant.media.web.controller.test.TargetCategoryControllerTest" tests="2" failures="0" timestamp="1 Jul 2015 06:00:47 GMT" time="0.322" errors="0">
  <testcase name="testTargetCategoryDataById" time="0.252" classname="com.tavant.media.web.controller.test.TargetCategoryControllerTest"/>
  <testcase name="testALLTargetCategoryData" time="0.070" classname="com.tavant.media.web.controller.test.TargetCategoryControllerTest"/>
</testsuite> <!-- com.tavant.media.web.controller.test.TargetCategoryControllerTest -->
