<?xml version="1.0" encoding="UTF-8"?>
<!-- Generated by org.testng.reporters.JUnitReportReporter -->
<testsuite hostname="Ram-TN80661" name="com.tavant.media.web.controller.test.LineItemControllerTest" tests="15" failures="0" timestamp="8 Jul 2015 12:09:00 GMT" time="1.943" errors="0">
  <testcase name="testRevertLineItemDeliveryStatus" time="0.235" classname="com.tavant.media.web.controller.test.LineItemControllerTest"/>
  <testcase name="testFetchActivitiesByLineItemId" time="0.062" classname="com.tavant.media.web.controller.test.LineItemControllerTest"/>
  <testcase name="testSalesTargetByAttrProdByLineItemId" time="0.078" classname="com.tavant.media.web.controller.test.LineItemControllerTest"/>
  <testcase name="testGetLineItemDataById" time="0.177" classname="com.tavant.media.web.controller.test.LineItemControllerTest"/>
  <testcase name="testLineItemsFetchActivities" time="0.078" classname="com.tavant.media.web.controller.test.LineItemControllerTest"/>
  <testcase name="testPutLineItemData" time="0.266" classname="com.tavant.media.web.controller.test.LineItemControllerTest"/>
  <testcase name="testTargetCategoryValueByLineItemId" time="0.063" classname="com.tavant.media.web.controller.test.LineItemControllerTest"/>
  <testcase name="testDeleteLineItemDataById" time="0.220" classname="com.tavant.media.web.controller.test.LineItemControllerTest"/>
  <testcase name="testCreativeByProdByLineItemId" time="0.078" classname="com.tavant.media.web.controller.test.LineItemControllerTest"/>
  <testcase name="testSalesTargetByLineItemId" time="0.078" classname="com.tavant.media.web.controller.test.LineItemControllerTest"/>
  <testcase name="testProductByLineItemId" time="0.078" classname="com.tavant.media.web.controller.test.LineItemControllerTest"/>
  <testcase name="testLineItemDeliveryStatus" time="0.251" classname="com.tavant.media.web.controller.test.LineItemControllerTest"/>
  <testcase name="testAttributesByProductByLineItemId" time="0.094" classname="com.tavant.media.web.controller.test.LineItemControllerTest"/>
  <testcase name="testPostLineItemData" time="0.138" classname="com.tavant.media.web.controller.test.LineItemControllerTest"/>
  <testcase name="testProposalByLineItemId" time="0.047" classname="com.tavant.media.web.controller.test.LineItemControllerTest"/>
</testsuite> <!-- com.tavant.media.web.controller.test.LineItemControllerTest -->
