<?xml version="1.0" encoding="UTF-8"?>
<!-- Generated by org.testng.reporters.JUnitReportReporter -->
<testsuite hostname="Ram-TN80661" name="com.tavant.media.web.controller.test.CompanyControllerTest" tests="2" failures="0" timestamp="6 Jul 2015 12:30:58 GMT" time="0.509" errors="0">
  <testcase name="testPostCompanyData" time="0.266" classname="com.tavant.media.web.controller.test.CompanyControllerTest"/>
  <testcase name="testSearchCompany" time="0.243" classname="com.tavant.media.web.controller.test.CompanyControllerTest"/>
</testsuite> <!-- com.tavant.media.web.controller.test.CompanyControllerTest -->
