<?xml version="1.0" encoding="UTF-8"?>
<!-- Generated by org.testng.reporters.JUnitReportReporter -->
<testsuite hostname="Ram-TN80661" name="com.tavant.media.web.controller.test.CreativeControllerTest" tests="1" failures="0" timestamp="6 Jul 2015 13:01:06 GMT" time="0.250" errors="0">
  <testcase name="testCreativesFetchActivities" time="0.250" classname="com.tavant.media.web.controller.test.CreativeControllerTest"/>
</testsuite> <!-- com.tavant.media.web.controller.test.CreativeControllerTest -->
