<?xml version="1.0" encoding="UTF-8"?>
<!-- Generated by org.testng.reporters.JUnitReportReporter -->
<testsuite hostname="Ram-TN80661" name="com.tavant.media.web.controller.test.TargetCategoryValueControllerTest" tests="1" failures="0" timestamp="1 Jul 2015 06:20:43 GMT" time="0.172" errors="0">
  <testcase name="testTargetCategoryValueDataById" time="0.172" classname="com.tavant.media.web.controller.test.TargetCategoryValueControllerTest"/>
</testsuite> <!-- com.tavant.media.web.controller.test.TargetCategoryValueControllerTest -->
