<?xml version="1.0" encoding="UTF-8"?>
<!-- Generated by org.testng.reporters.JUnitReportReporter -->
<testsuite hostname="Ram-TN80661" name="com.tavant.media.web.controller.test.SeasonalDiscountControllerTest" tests="4" failures="0" timestamp="7 Jul 2015 13:17:52 GMT" time="0.795" errors="0">
  <testcase name="testPostSeasonalDiscountData" time="0.445" classname="com.tavant.media.web.controller.test.SeasonalDiscountControllerTest"/>
  <testcase name="testPutSeasonalDiscountData" time="0.153" classname="com.tavant.media.web.controller.test.SeasonalDiscountControllerTest"/>
  <testcase name="testGetSeasonalDiscountById" time="0.120" classname="com.tavant.media.web.controller.test.SeasonalDiscountControllerTest"/>
  <testcase name="testGetAllSeasonalDiscountData" time="0.077" classname="com.tavant.media.web.controller.test.SeasonalDiscountControllerTest"/>
</testsuite> <!-- com.tavant.media.web.controller.test.SeasonalDiscountControllerTest -->
