<?xml version="1.0" encoding="UTF-8"?>
<!-- Generated by org.testng.reporters.JUnitReportReporter -->
<testsuite hostname="Ram-TN80661" name="com.tavant.media.web.controller.test.SalesTargetControllerTest" tests="1" failures="0" timestamp="6 Jul 2015 13:05:09 GMT" time="0.263" errors="0">
  <testcase name="testSalesTargetsFetchActivities" time="0.263" classname="com.tavant.media.web.controller.test.SalesTargetControllerTest"/>
</testsuite> <!-- com.tavant.media.web.controller.test.SalesTargetControllerTest -->
