<?xml version="1.0" encoding="UTF-8"?>
<!-- Generated by org.testng.reporters.JUnitReportReporter -->
<testsuite hostname="Ram-TN80661" name="com.tavant.media.web.controller.test.ProductControllerTest" tests="8" failures="0" timestamp="7 Jul 2015 19:11:16 GMT" time="1.008" errors="0">
  <testcase name="testGetProductAllData" time="0.079" classname="com.tavant.media.web.controller.test.ProductControllerTest"/>
  <testcase name="testGetProductDataById" time="0.156" classname="com.tavant.media.web.controller.test.ProductControllerTest"/>
  <testcase name="testPostProductData" time="0.140" classname="com.tavant.media.web.controller.test.ProductControllerTest"/>
  <testcase name="testPutProductData" time="0.172" classname="com.tavant.media.web.controller.test.ProductControllerTest"/>
  <testcase name="testSearchProduct" time="0.195" classname="com.tavant.media.web.controller.test.ProductControllerTest"/>
  <testcase name="testDeleteProductDataById" time="0.094" classname="com.tavant.media.web.controller.test.ProductControllerTest"/>
  <testcase name="testProductsFetchActivities" time="0.047" classname="com.tavant.media.web.controller.test.ProductControllerTest"/>
  <testcase name="testPATCHProductData" time="0.125" classname="com.tavant.media.web.controller.test.ProductControllerTest"/>
</testsuite> <!-- com.tavant.media.web.controller.test.ProductControllerTest -->
